<?xml version="1.0" encoding="UTF-8"?>
<!-- Generated by org.testng.reporters.JUnitXMLReporter -->
<testsuite hostname="WPUOT4U50WLW" ignored="0" name="Test" tests="3" failures="0" timestamp="03 Mar 2021 06:09:17 GMT" time="38.328" errors="0">
  <testcase name="Test" time="0.006" classname="com.OrangeHRM.SmokeTestSuite"/>
  <testcase name="DragTest" time="8.323" classname="com.OrangeHRM.Drag_Drop_Test"/>
  <testcase name="Login_HDFC_Test" time="10.459" classname="com.OrangeHRM.Login_HDFC"/>
</testsuite> <!-- Test -->
