<?xml version="1.0" encoding="UTF-8"?>
<testng-results skipped="0" failed="0" ignored="0" total="1" passed="1">
  <reporter-output>
  </reporter-output>
  <suite name="Default suite" duration-ms="71486" started-at="2021-03-03T08:14:53Z" finished-at="2021-03-03T08:16:04Z">
    <groups>
    </groups>
    <test name="Default test" duration-ms="71486" started-at="2021-03-03T08:14:53Z" finished-at="2021-03-03T08:16:04Z">
      <class name="com.OrangeHRM.Windchill_Test">
        <test-method status="PASS" signature="beforeMethod()[pri:0, instance:com.OrangeHRM.Windchill_Test@dc24521]" name="beforeMethod" is-config="true" duration-ms="23314" started-at="2021-03-03T08:14:53Z" finished-at="2021-03-03T08:15:16Z">
          <reporter-output>
          </reporter-output>
        </test-method> <!-- beforeMethod -->
        <test-method status="PASS" signature="OpenInCreoView()[pri:0, instance:com.OrangeHRM.Windchill_Test@dc24521]" name="OpenInCreoView" duration-ms="47295" started-at="2021-03-03T08:15:16Z" finished-at="2021-03-03T08:16:03Z">
          <reporter-output>
          </reporter-output>
        </test-method> <!-- OpenInCreoView -->
        <test-method status="PASS" signature="afterMethod()[pri:0, instance:com.OrangeHRM.Windchill_Test@dc24521]" name="afterMethod" is-config="true" duration-ms="843" started-at="2021-03-03T08:16:03Z" finished-at="2021-03-03T08:16:04Z">
          <reporter-output>
          </reporter-output>
        </test-method> <!-- afterMethod -->
      </class> <!-- com.OrangeHRM.Windchill_Test -->
    </test> <!-- Default test -->
  </suite> <!-- Default suite -->
</testng-results>
