<?xml version="1.0" encoding="UTF-8"?>
<!-- Generated by org.testng.reporters.JUnitXMLReporter -->
<testsuite hostname="WPUOT4U50WLW" ignored="0" name="Test4" tests="1" failures="1" timestamp="24 Feb 2021 04:31:22 GMT" time="14.334" errors="0">
  <testcase name="LoginToOrangeHRM" time="0.0" classname="com.OrangeHRM.Parameters_OrangeHRM_Login">
    <failure type="org.testng.TestNGException" message="
Method public void com.OrangeHRM.Parameters_OrangeHRM_Login.LoginToOrangeHRM(java.lang.String,java.lang.String) throws java.lang.InterruptedException requires a @DataProvider named : Login">
      <![CDATA[org.testng.TestNGException: 
Method public void com.OrangeHRM.Parameters_OrangeHRM_Login.LoginToOrangeHRM(java.lang.String,java.lang.String) throws java.lang.InterruptedException requires a @DataProvider named : Login
... Removed 22 stack frames]]>
    </failure>
  </testcase> <!-- LoginToOrangeHRM -->
</testsuite> <!-- Test4 -->
